<?xml version="1.0" encoding="UTF-8"?>
<!-- Generated by org.testng.reporters.JUnitXMLReporter -->
<testsuite hostname="M5-L-72223F5" ignored="0" name="Surefire test" tests="6" failures="0" timestamp="19 Apr 2019 20:25:59 GMT" time="0.102" errors="0">
  <testcase name="IOsApps" time="0.019" classname="qaclickacademy.AppiumTest"/>
  <testcase name="NAtiveAppAndroid" time="0.002" classname="qaclickacademy.AppiumTest"/>
  <testcase name="deleteTwitter" time="0.0" classname="qaclickacademy.RESTAPITest"/>
  <testcase name="postJira" time="0.0" classname="qaclickacademy.RESTAPITest"/>
  <testcase name="BrowserAutomation" time="0.001" classname="qaclickacademy.SeleniumTest"/>
  <testcase name="elementsUi" time="0.001" classname="qaclickacademy.SeleniumTest"/>
</testsuite> <!-- Surefire test -->
