<?xml version="1.0" encoding="UTF-8"?>
<testng-results skipped="0" failed="0" ignored="0" total="6" passed="6">
  <reporter-output>
  </reporter-output>
  <suite name="Surefire suite" duration-ms="102" started-at="2019-04-19T20:25:59Z" finished-at="2019-04-19T20:25:59Z">
    <groups>
    </groups>
    <test name="Surefire test" duration-ms="102" started-at="2019-04-19T20:25:59Z" finished-at="2019-04-19T20:25:59Z">
      <class name="qaclickacademy.AppiumTest">
        <test-method status="PASS" signature="IOsApps()[pri:0, instance:qaclickacademy.AppiumTest@2cb4c3ab]" name="IOsApps" duration-ms="19" started-at="2019-04-19T20:25:59Z" finished-at="2019-04-19T20:25:59Z">
          <reporter-output>
          </reporter-output>
        </test-method> <!-- IOsApps -->
        <test-method status="PASS" signature="NAtiveAppAndroid()[pri:0, instance:qaclickacademy.AppiumTest@2cb4c3ab]" name="NAtiveAppAndroid" duration-ms="2" started-at="2019-04-19T20:25:59Z" finished-at="2019-04-19T20:25:59Z">
          <reporter-output>
          </reporter-output>
        </test-method> <!-- NAtiveAppAndroid -->
      </class> <!-- qaclickacademy.AppiumTest -->
      <class name="qaclickacademy.RESTAPITest">
        <test-method status="PASS" signature="deleteTwitter()[pri:0, instance:qaclickacademy.RESTAPITest@13c78c0b]" name="deleteTwitter" duration-ms="0" started-at="2019-04-19T20:25:59Z" finished-at="2019-04-19T20:25:59Z">
          <reporter-output>
          </reporter-output>
        </test-method> <!-- deleteTwitter -->
        <test-method status="PASS" signature="postJira()[pri:0, instance:qaclickacademy.RESTAPITest@13c78c0b]" name="postJira" duration-ms="0" started-at="2019-04-19T20:25:59Z" finished-at="2019-04-19T20:25:59Z">
          <reporter-output>
          </reporter-output>
        </test-method> <!-- postJira -->
      </class> <!-- qaclickacademy.RESTAPITest -->
      <class name="qaclickacademy.SeleniumTest">
        <test-method status="PASS" signature="BrowserAutomation()[pri:0, instance:qaclickacademy.SeleniumTest@12843fce]" name="BrowserAutomation" duration-ms="1" started-at="2019-04-19T20:25:59Z" finished-at="2019-04-19T20:25:59Z">
          <reporter-output>
          </reporter-output>
        </test-method> <!-- BrowserAutomation -->
        <test-method status="PASS" signature="elementsUi()[pri:0, instance:qaclickacademy.SeleniumTest@12843fce]" name="elementsUi" duration-ms="1" started-at="2019-04-19T20:25:59Z" finished-at="2019-04-19T20:25:59Z">
          <reporter-output>
          </reporter-output>
        </test-method> <!-- elementsUi -->
      </class> <!-- qaclickacademy.SeleniumTest -->
    </test> <!-- Surefire test -->
  </suite> <!-- Surefire suite -->
</testng-results>
